{"/Users/LanOK/Desktop/UV End2End Test- Puppeteer/pages/ChangeLocale.js": {"path":"/Users/LanOK/Desktop/UV End2End Test- Puppeteer/pages/ChangeLocale.js","statementMap":{"0":{"start":{"line":1,"column":17},"end":{"line":1,"column":50}},"1":{"start":{"line":5,"column":4},"end":{"line":5,"column":21}},"2":{"start":{"line":8,"column":4},"end":{"line":8,"column":39}},"3":{"start":{"line":9,"column":4},"end":{"line":9,"column":48}},"4":{"start":{"line":14,"column":23},"end":{"line":14,"column":52}},"5":{"start":{"line":15,"column":4},"end":{"line":18,"column":5}},"6":{"start":{"line":16,"column":6},"end":{"line":16,"column":69}},"7":{"start":{"line":17,"column":6},"end":{"line":17,"column":71}},"8":{"start":{"line":20,"column":18},"end":{"line":20,"column":38}},"9":{"start":{"line":21,"column":4},"end":{"line":23,"column":5}},"10":{"start":{"line":22,"column":6},"end":{"line":22,"column":92}},"11":{"start":{"line":26,"column":26},"end":{"line":26,"column":76}},"12":{"start":{"line":27,"column":22},"end":{"line":27,"column":47}},"13":{"start":{"line":28,"column":4},"end":{"line":30,"column":5}},"14":{"start":{"line":29,"column":6},"end":{"line":29,"column":89}},"15":{"start":{"line":32,"column":20},"end":{"line":32,"column":49}},"16":{"start":{"line":33,"column":4},"end":{"line":33,"column":75}},"17":{"start":{"line":34,"column":4},"end":{"line":39,"column":5}},"18":{"start":{"line":35,"column":6},"end":{"line":35,"column":71}},"19":{"start":{"line":37,"column":6},"end":{"line":37,"column":61}},"20":{"start":{"line":38,"column":6},"end":{"line":38,"column":18}},"21":{"start":{"line":44,"column":4},"end":{"line":44,"column":51}},"22":{"start":{"line":45,"column":4},"end":{"line":45,"column":44}},"23":{"start":{"line":50,"column":4},"end":{"line":50,"column":52}},"24":{"start":{"line":51,"column":4},"end":{"line":51,"column":44}},"25":{"start":{"line":56,"column":4},"end":{"line":56,"column":51}},"26":{"start":{"line":57,"column":4},"end":{"line":57,"column":44}},"27":{"start":{"line":62,"column":4},"end":{"line":62,"column":51}},"28":{"start":{"line":63,"column":4},"end":{"line":63,"column":44}},"29":{"start":{"line":68,"column":4},"end":{"line":68,"column":50}},"30":{"start":{"line":69,"column":4},"end":{"line":69,"column":44}},"31":{"start":{"line":73,"column":0},"end":{"line":73,"column":30}}},"fnMap":{"0":{"name":"(anonymous_0)","decl":{"start":{"line":4,"column":2},"end":{"line":4,"column":3}},"loc":{"start":{"line":4,"column":20},"end":{"line":10,"column":3}},"line":4},"1":{"name":"(anonymous_1)","decl":{"start":{"line":13,"column":2},"end":{"line":13,"column":3}},"loc":{"start":{"line":13,"column":39},"end":{"line":40,"column":3}},"line":13},"2":{"name":"(anonymous_2)","decl":{"start":{"line":43,"column":2},"end":{"line":43,"column":3}},"loc":{"start":{"line":43,"column":30},"end":{"line":46,"column":3}},"line":43},"3":{"name":"(anonymous_3)","decl":{"start":{"line":49,"column":2},"end":{"line":49,"column":3}},"loc":{"start":{"line":49,"column":31},"end":{"line":52,"column":3}},"line":49},"4":{"name":"(anonymous_4)","decl":{"start":{"line":55,"column":2},"end":{"line":55,"column":3}},"loc":{"start":{"line":55,"column":30},"end":{"line":58,"column":3}},"line":55},"5":{"name":"(anonymous_5)","decl":{"start":{"line":61,"column":2},"end":{"line":61,"column":3}},"loc":{"start":{"line":61,"column":30},"end":{"line":64,"column":3}},"line":61},"6":{"name":"(anonymous_6)","decl":{"start":{"line":67,"column":2},"end":{"line":67,"column":3}},"loc":{"start":{"line":67,"column":29},"end":{"line":70,"column":3}},"line":67}},"branchMap":{"0":{"loc":{"start":{"line":15,"column":4},"end":{"line":18,"column":5}},"type":"if","locations":[{"start":{"line":15,"column":4},"end":{"line":18,"column":5}},{"start":{},"end":{}}],"line":15},"1":{"loc":{"start":{"line":21,"column":4},"end":{"line":23,"column":5}},"type":"if","locations":[{"start":{"line":21,"column":4},"end":{"line":23,"column":5}},{"start":{},"end":{}}],"line":21},"2":{"loc":{"start":{"line":26,"column":26},"end":{"line":26,"column":76}},"type":"cond-expr","locations":[{"start":{"line":26,"column":50},"end":{"line":26,"column":57}},{"start":{"line":26,"column":60},"end":{"line":26,"column":76}}],"line":26},"3":{"loc":{"start":{"line":28,"column":4},"end":{"line":30,"column":5}},"type":"if","locations":[{"start":{"line":28,"column":4},"end":{"line":30,"column":5}},{"start":{},"end":{}}],"line":28}},"s":{"0":1,"1":1,"2":1,"3":1,"4":5,"5":5,"6":0,"7":0,"8":5,"9":5,"10":0,"11":5,"12":5,"13":5,"14":0,"15":5,"16":5,"17":5,"18":5,"19":0,"20":0,"21":1,"22":1,"23":1,"24":1,"25":1,"26":1,"27":1,"28":1,"29":1,"30":1,"31":1},"f":{"0":1,"1":5,"2":1,"3":1,"4":1,"5":1,"6":1},"b":{"0":[0,5],"1":[0,5],"2":[1,4],"3":[0,5]},"_coverageSchema":"1a1c01bbd47fc00a2c39e90264f33305004495a9","hash":"48b27121084ebf7bc38d9214cf24e8047e21c2d7"}
,"/Users/LanOK/Desktop/UV End2End Test- Puppeteer/pages/SettingsButton.js": {"path":"/Users/LanOK/Desktop/UV End2End Test- Puppeteer/pages/SettingsButton.js","statementMap":{"0":{"start":{"line":1,"column":17},"end":{"line":1,"column":50}},"1":{"start":{"line":5,"column":8},"end":{"line":5,"column":25}},"2":{"start":{"line":6,"column":8},"end":{"line":6,"column":43}},"3":{"start":{"line":7,"column":8},"end":{"line":7,"column":52}},"4":{"start":{"line":10,"column":8},"end":{"line":10,"column":61}},"5":{"start":{"line":13,"column":8},"end":{"line":13,"column":51}},"6":{"start":{"line":14,"column":8},"end":{"line":14,"column":95}},"7":{"start":{"line":15,"column":8},"end":{"line":15,"column":66}},"8":{"start":{"line":16,"column":8},"end":{"line":16,"column":66}},"9":{"start":{"line":17,"column":8},"end":{"line":17,"column":58}},"10":{"start":{"line":18,"column":8},"end":{"line":18,"column":80}},"11":{"start":{"line":19,"column":8},"end":{"line":19,"column":68}},"12":{"start":{"line":20,"column":8},"end":{"line":20,"column":62}},"13":{"start":{"line":21,"column":8},"end":{"line":21,"column":96}},"14":{"start":{"line":22,"column":8},"end":{"line":22,"column":101}},"15":{"start":{"line":29,"column":8},"end":{"line":29,"column":57}},"16":{"start":{"line":30,"column":8},"end":{"line":30,"column":74}},"17":{"start":{"line":31,"column":8},"end":{"line":31,"column":49}},"18":{"start":{"line":38,"column":8},"end":{"line":38,"column":43}},"19":{"start":{"line":39,"column":8},"end":{"line":39,"column":95}},"20":{"start":{"line":40,"column":8},"end":{"line":40,"column":51}},"21":{"start":{"line":41,"column":8},"end":{"line":41,"column":94}},"22":{"start":{"line":42,"column":8},"end":{"line":42,"column":52}},"23":{"start":{"line":49,"column":8},"end":{"line":49,"column":50}},"24":{"start":{"line":50,"column":8},"end":{"line":50,"column":85}},"25":{"start":{"line":51,"column":8},"end":{"line":51,"column":56}},"26":{"start":{"line":52,"column":8},"end":{"line":52,"column":78}},"27":{"start":{"line":53,"column":8},"end":{"line":53,"column":47}},"28":{"start":{"line":62,"column":8},"end":{"line":62,"column":66}},"29":{"start":{"line":63,"column":8},"end":{"line":63,"column":84}},"30":{"start":{"line":65,"column":26},"end":{"line":65,"column":75}},"31":{"start":{"line":65,"column":64},"end":{"line":65,"column":74}},"32":{"start":{"line":66,"column":8},"end":{"line":71,"column":9}},"33":{"start":{"line":67,"column":12},"end":{"line":67,"column":44}},"34":{"start":{"line":68,"column":12},"end":{"line":68,"column":67}},"35":{"start":{"line":70,"column":12},"end":{"line":70,"column":82}},"36":{"start":{"line":78,"column":8},"end":{"line":78,"column":72}},"37":{"start":{"line":82,"column":8},"end":{"line":82,"column":72}},"38":{"start":{"line":86,"column":8},"end":{"line":86,"column":67}},"39":{"start":{"line":90,"column":8},"end":{"line":90,"column":79}},"40":{"start":{"line":94,"column":8},"end":{"line":94,"column":72}},"41":{"start":{"line":98,"column":8},"end":{"line":98,"column":68}},"42":{"start":{"line":105,"column":8},"end":{"line":105,"column":51}},"43":{"start":{"line":106,"column":31},"end":{"line":106,"column":87}},"44":{"start":{"line":106,"column":54},"end":{"line":106,"column":86}},"45":{"start":{"line":107,"column":8},"end":{"line":107,"column":49}},"46":{"start":{"line":108,"column":24},"end":{"line":108,"column":44}},"47":{"start":{"line":110,"column":8},"end":{"line":116,"column":9}},"48":{"start":{"line":111,"column":12},"end":{"line":111,"column":72}},"49":{"start":{"line":112,"column":12},"end":{"line":112,"column":34}},"50":{"start":{"line":113,"column":12},"end":{"line":113,"column":41}},"51":{"start":{"line":115,"column":12},"end":{"line":115,"column":71}},"52":{"start":{"line":120,"column":0},"end":{"line":120,"column":30}}},"fnMap":{"0":{"name":"(anonymous_0)","decl":{"start":{"line":4,"column":4},"end":{"line":4,"column":5}},"loc":{"start":{"line":4,"column":22},"end":{"line":23,"column":5}},"line":4},"1":{"name":"(anonymous_1)","decl":{"start":{"line":28,"column":4},"end":{"line":28,"column":5}},"loc":{"start":{"line":28,"column":33},"end":{"line":32,"column":5}},"line":28},"2":{"name":"(anonymous_2)","decl":{"start":{"line":37,"column":4},"end":{"line":37,"column":5}},"loc":{"start":{"line":37,"column":25},"end":{"line":43,"column":5}},"line":37},"3":{"name":"(anonymous_3)","decl":{"start":{"line":48,"column":4},"end":{"line":48,"column":5}},"loc":{"start":{"line":48,"column":26},"end":{"line":54,"column":5}},"line":48},"4":{"name":"(anonymous_4)","decl":{"start":{"line":61,"column":4},"end":{"line":61,"column":5}},"loc":{"start":{"line":61,"column":42},"end":{"line":72,"column":5}},"line":61},"5":{"name":"(anonymous_5)","decl":{"start":{"line":65,"column":58},"end":{"line":65,"column":59}},"loc":{"start":{"line":65,"column":64},"end":{"line":65,"column":74}},"line":65},"6":{"name":"(anonymous_6)","decl":{"start":{"line":77,"column":4},"end":{"line":77,"column":5}},"loc":{"start":{"line":77,"column":40},"end":{"line":79,"column":5}},"line":77},"7":{"name":"(anonymous_7)","decl":{"start":{"line":81,"column":4},"end":{"line":81,"column":5}},"loc":{"start":{"line":81,"column":40},"end":{"line":83,"column":5}},"line":81},"8":{"name":"(anonymous_8)","decl":{"start":{"line":85,"column":4},"end":{"line":85,"column":5}},"loc":{"start":{"line":85,"column":35},"end":{"line":87,"column":5}},"line":85},"9":{"name":"(anonymous_9)","decl":{"start":{"line":89,"column":4},"end":{"line":89,"column":5}},"loc":{"start":{"line":89,"column":47},"end":{"line":91,"column":5}},"line":89},"10":{"name":"(anonymous_10)","decl":{"start":{"line":93,"column":4},"end":{"line":93,"column":5}},"loc":{"start":{"line":93,"column":40},"end":{"line":95,"column":5}},"line":93},"11":{"name":"(anonymous_11)","decl":{"start":{"line":97,"column":4},"end":{"line":97,"column":5}},"loc":{"start":{"line":97,"column":36},"end":{"line":99,"column":5}},"line":97},"12":{"name":"(anonymous_12)","decl":{"start":{"line":104,"column":4},"end":{"line":104,"column":5}},"loc":{"start":{"line":104,"column":25},"end":{"line":117,"column":5}},"line":104},"13":{"name":"(anonymous_13)","decl":{"start":{"line":106,"column":43},"end":{"line":106,"column":44}},"loc":{"start":{"line":106,"column":54},"end":{"line":106,"column":86}},"line":106}},"branchMap":{"0":{"loc":{"start":{"line":66,"column":8},"end":{"line":71,"column":9}},"type":"if","locations":[{"start":{"line":66,"column":8},"end":{"line":71,"column":9}},{"start":{"line":69,"column":15},"end":{"line":71,"column":9}}],"line":66},"1":{"loc":{"start":{"line":66,"column":12},"end":{"line":66,"column":83}},"type":"binary-expr","locations":[{"start":{"line":66,"column":13},"end":{"line":66,"column":30}},{"start":{"line":66,"column":34},"end":{"line":66,"column":44}},{"start":{"line":66,"column":50},"end":{"line":66,"column":69}},{"start":{"line":66,"column":73},"end":{"line":66,"column":82}}],"line":66},"2":{"loc":{"start":{"line":110,"column":8},"end":{"line":116,"column":9}},"type":"if","locations":[{"start":{"line":110,"column":8},"end":{"line":116,"column":9}},{"start":{"line":114,"column":15},"end":{"line":116,"column":9}}],"line":110}},"s":{"0":1,"1":1,"2":1,"3":1,"4":1,"5":1,"6":1,"7":1,"8":1,"9":1,"10":1,"11":1,"12":1,"13":1,"14":1,"15":2,"16":2,"17":2,"18":2,"19":2,"20":2,"21":2,"22":1,"23":0,"24":0,"25":0,"26":0,"27":0,"28":1,"29":1,"30":1,"31":0,"32":0,"33":0,"34":0,"35":0,"36":1,"37":0,"38":0,"39":0,"40":0,"41":0,"42":0,"43":0,"44":0,"45":0,"46":0,"47":0,"48":0,"49":0,"50":0,"51":0,"52":1},"f":{"0":1,"1":2,"2":2,"3":0,"4":1,"5":0,"6":1,"7":0,"8":0,"9":0,"10":0,"11":0,"12":0,"13":0},"b":{"0":[0,0],"1":[0,0,0,0],"2":[0,0]},"_coverageSchema":"1a1c01bbd47fc00a2c39e90264f33305004495a9","hash":"415fd37806aeaeb126de8556825132d24232e5cd"}
,"/Users/LanOK/Desktop/UV End2End Test- Puppeteer/pages/UniversalViewerPage.js": {"path":"/Users/LanOK/Desktop/UV End2End Test- Puppeteer/pages/UniversalViewerPage.js","statementMap":{"0":{"start":{"line":1,"column":17},"end":{"line":1,"column":50}},"1":{"start":{"line":5,"column":8},"end":{"line":5,"column":25}},"2":{"start":{"line":9,"column":8},"end":{"line":9,"column":61}},"3":{"start":{"line":12,"column":8},"end":{"line":12,"column":62}},"4":{"start":{"line":13,"column":8},"end":{"line":13,"column":54}},"5":{"start":{"line":14,"column":8},"end":{"line":14,"column":48}},"6":{"start":{"line":15,"column":8},"end":{"line":15,"column":50}},"7":{"start":{"line":16,"column":8},"end":{"line":16,"column":58}},"8":{"start":{"line":17,"column":8},"end":{"line":17,"column":58}},"9":{"start":{"line":18,"column":8},"end":{"line":18,"column":102}},"10":{"start":{"line":19,"column":8},"end":{"line":19,"column":65}},"11":{"start":{"line":20,"column":8},"end":{"line":20,"column":59}},"12":{"start":{"line":21,"column":8},"end":{"line":21,"column":49}},"13":{"start":{"line":22,"column":8},"end":{"line":22,"column":56}},"14":{"start":{"line":23,"column":8},"end":{"line":23,"column":60}},"15":{"start":{"line":24,"column":8},"end":{"line":24,"column":51}},"16":{"start":{"line":25,"column":8},"end":{"line":25,"column":45}},"17":{"start":{"line":26,"column":8},"end":{"line":26,"column":95}},"18":{"start":{"line":27,"column":8},"end":{"line":27,"column":56}},"19":{"start":{"line":28,"column":8},"end":{"line":28,"column":65}},"20":{"start":{"line":29,"column":8},"end":{"line":29,"column":105}},"21":{"start":{"line":30,"column":8},"end":{"line":30,"column":96}},"22":{"start":{"line":31,"column":8},"end":{"line":31,"column":95}},"23":{"start":{"line":32,"column":8},"end":{"line":32,"column":90}},"24":{"start":{"line":33,"column":8},"end":{"line":33,"column":100}},"25":{"start":{"line":34,"column":8},"end":{"line":34,"column":132}},"26":{"start":{"line":35,"column":8},"end":{"line":35,"column":131}},"27":{"start":{"line":36,"column":8},"end":{"line":36,"column":95}},"28":{"start":{"line":41,"column":8},"end":{"line":47,"column":9}},"29":{"start":{"line":42,"column":12},"end":{"line":42,"column":88}},"30":{"start":{"line":43,"column":12},"end":{"line":43,"column":44}},"31":{"start":{"line":44,"column":12},"end":{"line":44,"column":48}},"32":{"start":{"line":46,"column":12},"end":{"line":46,"column":77}},"33":{"start":{"line":53,"column":8},"end":{"line":60,"column":9}},"34":{"start":{"line":54,"column":12},"end":{"line":54,"column":88}},"35":{"start":{"line":55,"column":12},"end":{"line":55,"column":50}},"36":{"start":{"line":56,"column":12},"end":{"line":56,"column":44}},"37":{"start":{"line":57,"column":12},"end":{"line":57,"column":48}},"38":{"start":{"line":59,"column":12},"end":{"line":59,"column":84}},"39":{"start":{"line":65,"column":8},"end":{"line":65,"column":81}},"40":{"start":{"line":69,"column":8},"end":{"line":69,"column":81}},"41":{"start":{"line":70,"column":8},"end":{"line":70,"column":51}},"42":{"start":{"line":71,"column":8},"end":{"line":71,"column":85}},"43":{"start":{"line":72,"column":8},"end":{"line":72,"column":55}},"44":{"start":{"line":76,"column":8},"end":{"line":76,"column":78}},"45":{"start":{"line":77,"column":8},"end":{"line":77,"column":48}},"46":{"start":{"line":78,"column":8},"end":{"line":78,"column":79}},"47":{"start":{"line":79,"column":8},"end":{"line":79,"column":49}},"48":{"start":{"line":83,"column":8},"end":{"line":86,"column":9}},"49":{"start":{"line":83,"column":21},"end":{"line":83,"column":22}},"50":{"start":{"line":84,"column":12},"end":{"line":84,"column":87}},"51":{"start":{"line":85,"column":12},"end":{"line":85,"column":57}},"52":{"start":{"line":90,"column":8},"end":{"line":90,"column":83}},"53":{"start":{"line":91,"column":8},"end":{"line":91,"column":53}},"54":{"start":{"line":92,"column":8},"end":{"line":92,"column":83}},"55":{"start":{"line":93,"column":8},"end":{"line":93,"column":53}},"56":{"start":{"line":97,"column":8},"end":{"line":97,"column":52}},"57":{"start":{"line":98,"column":8},"end":{"line":98,"column":47}},"58":{"start":{"line":102,"column":8},"end":{"line":102,"column":47}},"59":{"start":{"line":105,"column":8},"end":{"line":105,"column":99}},"60":{"start":{"line":108,"column":8},"end":{"line":108,"column":73}},"61":{"start":{"line":109,"column":8},"end":{"line":109,"column":52}},"62":{"start":{"line":112,"column":8},"end":{"line":112,"column":90}},"63":{"start":{"line":113,"column":8},"end":{"line":113,"column":48}},"64":{"start":{"line":116,"column":8},"end":{"line":116,"column":65}},"65":{"start":{"line":121,"column":8},"end":{"line":121,"column":86}},"66":{"start":{"line":122,"column":8},"end":{"line":122,"column":56}},"67":{"start":{"line":123,"column":8},"end":{"line":123,"column":83}},"68":{"start":{"line":124,"column":8},"end":{"line":124,"column":53}},"69":{"start":{"line":125,"column":8},"end":{"line":125,"column":79}},"70":{"start":{"line":126,"column":8},"end":{"line":126,"column":49}},"71":{"start":{"line":130,"column":8},"end":{"line":130,"column":53}},"72":{"start":{"line":133,"column":8},"end":{"line":133,"column":95}},"73":{"start":{"line":134,"column":8},"end":{"line":134,"column":48}},"74":{"start":{"line":136,"column":8},"end":{"line":136,"column":79}},"75":{"start":{"line":139,"column":28},"end":{"line":139,"column":95}},"76":{"start":{"line":140,"column":28},"end":{"line":140,"column":124}},"77":{"start":{"line":140,"column":119},"end":{"line":140,"column":123}},"78":{"start":{"line":142,"column":8},"end":{"line":151,"column":9}},"79":{"start":{"line":143,"column":12},"end":{"line":143,"column":71}},"80":{"start":{"line":146,"column":12},"end":{"line":146,"column":47}},"81":{"start":{"line":148,"column":12},"end":{"line":148,"column":41}},"82":{"start":{"line":150,"column":12},"end":{"line":150,"column":60}},"83":{"start":{"line":154,"column":8},"end":{"line":154,"column":63}},"84":{"start":{"line":156,"column":8},"end":{"line":156,"column":73}},"85":{"start":{"line":161,"column":8},"end":{"line":161,"column":55}},"86":{"start":{"line":164,"column":8},"end":{"line":164,"column":96}},"87":{"start":{"line":167,"column":8},"end":{"line":167,"column":51}},"88":{"start":{"line":169,"column":8},"end":{"line":169,"column":67}},"89":{"start":{"line":172,"column":8},"end":{"line":172,"column":101}},"90":{"start":{"line":174,"column":8},"end":{"line":174,"column":47}},"91":{"start":{"line":177,"column":8},"end":{"line":177,"column":61}},"92":{"start":{"line":180,"column":8},"end":{"line":180,"column":52}},"93":{"start":{"line":181,"column":8},"end":{"line":181,"column":56}},"94":{"start":{"line":183,"column":8},"end":{"line":183,"column":46}},"95":{"start":{"line":190,"column":8},"end":{"line":203,"column":9}},"96":{"start":{"line":191,"column":28},"end":{"line":191,"column":58}},"97":{"start":{"line":192,"column":12},"end":{"line":194,"column":13}},"98":{"start":{"line":193,"column":16},"end":{"line":193,"column":95}},"99":{"start":{"line":195,"column":12},"end":{"line":195,"column":81}},"100":{"start":{"line":196,"column":12},"end":{"line":196,"column":51}},"101":{"start":{"line":197,"column":12},"end":{"line":197,"column":79}},"102":{"start":{"line":198,"column":12},"end":{"line":198,"column":49}},"103":{"start":{"line":199,"column":12},"end":{"line":199,"column":86}},"104":{"start":{"line":200,"column":12},"end":{"line":200,"column":56}},"105":{"start":{"line":202,"column":12},"end":{"line":202,"column":61}},"106":{"start":{"line":207,"column":8},"end":{"line":207,"column":95}},"107":{"start":{"line":208,"column":8},"end":{"line":208,"column":49}},"108":{"start":{"line":210,"column":8},"end":{"line":210,"column":98}},"109":{"start":{"line":211,"column":8},"end":{"line":211,"column":52}},"110":{"start":{"line":214,"column":8},"end":{"line":214,"column":99}},"111":{"start":{"line":215,"column":8},"end":{"line":215,"column":53}},"112":{"start":{"line":217,"column":8},"end":{"line":217,"column":98}},"113":{"start":{"line":218,"column":8},"end":{"line":218,"column":52}},"114":{"start":{"line":223,"column":8},"end":{"line":223,"column":82}},"115":{"start":{"line":224,"column":8},"end":{"line":224,"column":52}},"116":{"start":{"line":225,"column":8},"end":{"line":225,"column":86}},"117":{"start":{"line":226,"column":8},"end":{"line":226,"column":56}},"118":{"start":{"line":230,"column":0},"end":{"line":230,"column":37}}},"fnMap":{"0":{"name":"(anonymous_0)","decl":{"start":{"line":4,"column":4},"end":{"line":4,"column":5}},"loc":{"start":{"line":4,"column":22},"end":{"line":37,"column":5}},"line":4},"1":{"name":"(anonymous_1)","decl":{"start":{"line":40,"column":4},"end":{"line":40,"column":5}},"loc":{"start":{"line":40,"column":37},"end":{"line":48,"column":5}},"line":40},"2":{"name":"(anonymous_2)","decl":{"start":{"line":52,"column":4},"end":{"line":52,"column":5}},"loc":{"start":{"line":52,"column":30},"end":{"line":61,"column":5}},"line":52},"3":{"name":"(anonymous_3)","decl":{"start":{"line":64,"column":4},"end":{"line":64,"column":5}},"loc":{"start":{"line":64,"column":33},"end":{"line":66,"column":5}},"line":64},"4":{"name":"(anonymous_4)","decl":{"start":{"line":68,"column":4},"end":{"line":68,"column":5}},"loc":{"start":{"line":68,"column":27},"end":{"line":73,"column":5}},"line":68},"5":{"name":"(anonymous_5)","decl":{"start":{"line":75,"column":4},"end":{"line":75,"column":5}},"loc":{"start":{"line":75,"column":25},"end":{"line":80,"column":5}},"line":75},"6":{"name":"(anonymous_6)","decl":{"start":{"line":82,"column":4},"end":{"line":82,"column":5}},"loc":{"start":{"line":82,"column":33},"end":{"line":87,"column":5}},"line":82},"7":{"name":"(anonymous_7)","decl":{"start":{"line":89,"column":4},"end":{"line":89,"column":5}},"loc":{"start":{"line":89,"column":32},"end":{"line":94,"column":5}},"line":89},"8":{"name":"(anonymous_8)","decl":{"start":{"line":96,"column":4},"end":{"line":96,"column":5}},"loc":{"start":{"line":96,"column":35},"end":{"line":99,"column":5}},"line":96},"9":{"name":"(anonymous_9)","decl":{"start":{"line":101,"column":4},"end":{"line":101,"column":5}},"loc":{"start":{"line":101,"column":31},"end":{"line":117,"column":5}},"line":101},"10":{"name":"(anonymous_10)","decl":{"start":{"line":120,"column":4},"end":{"line":120,"column":5}},"loc":{"start":{"line":120,"column":22},"end":{"line":127,"column":5}},"line":120},"11":{"name":"(anonymous_11)","decl":{"start":{"line":129,"column":4},"end":{"line":129,"column":5}},"loc":{"start":{"line":129,"column":29},"end":{"line":157,"column":5}},"line":129},"12":{"name":"(anonymous_12)","decl":{"start":{"line":140,"column":113},"end":{"line":140,"column":114}},"loc":{"start":{"line":140,"column":119},"end":{"line":140,"column":123}},"line":140},"13":{"name":"(anonymous_13)","decl":{"start":{"line":160,"column":4},"end":{"line":160,"column":5}},"loc":{"start":{"line":160,"column":27},"end":{"line":184,"column":5}},"line":160},"14":{"name":"(anonymous_14)","decl":{"start":{"line":189,"column":4},"end":{"line":189,"column":5}},"loc":{"start":{"line":189,"column":27},"end":{"line":204,"column":5}},"line":189},"15":{"name":"(anonymous_15)","decl":{"start":{"line":206,"column":4},"end":{"line":206,"column":5}},"loc":{"start":{"line":206,"column":25},"end":{"line":219,"column":5}},"line":206},"16":{"name":"(anonymous_16)","decl":{"start":{"line":222,"column":4},"end":{"line":222,"column":5}},"loc":{"start":{"line":222,"column":29},"end":{"line":227,"column":5}},"line":222}},"branchMap":{"0":{"loc":{"start":{"line":82,"column":22},"end":{"line":82,"column":31}},"type":"default-arg","locations":[{"start":{"line":82,"column":30},"end":{"line":82,"column":31}}],"line":82},"1":{"loc":{"start":{"line":142,"column":8},"end":{"line":151,"column":9}},"type":"if","locations":[{"start":{"line":142,"column":8},"end":{"line":151,"column":9}},{"start":{"line":149,"column":15},"end":{"line":151,"column":9}}],"line":142},"2":{"loc":{"start":{"line":192,"column":12},"end":{"line":194,"column":13}},"type":"if","locations":[{"start":{"line":192,"column":12},"end":{"line":194,"column":13}},{"start":{},"end":{}}],"line":192}},"s":{"0":1,"1":1,"2":1,"3":1,"4":1,"5":1,"6":1,"7":1,"8":1,"9":1,"10":1,"11":1,"12":1,"13":1,"14":1,"15":1,"16":1,"17":1,"18":1,"19":1,"20":1,"21":1,"22":1,"23":1,"24":1,"25":1,"26":1,"27":1,"28":22,"29":22,"30":22,"31":22,"32":22,"33":22,"34":22,"35":22,"36":22,"37":22,"38":22,"39":1,"40":1,"41":1,"42":1,"43":1,"44":1,"45":1,"46":1,"47":1,"48":1,"49":1,"50":2,"51":2,"52":1,"53":1,"54":1,"55":1,"56":1,"57":1,"58":1,"59":1,"60":1,"61":1,"62":1,"63":1,"64":1,"65":1,"66":1,"67":1,"68":1,"69":1,"70":1,"71":1,"72":1,"73":1,"74":1,"75":1,"76":1,"77":0,"78":1,"79":1,"80":1,"81":1,"82":0,"83":1,"84":1,"85":1,"86":1,"87":1,"88":1,"89":1,"90":1,"91":1,"92":1,"93":1,"94":1,"95":1,"96":1,"97":1,"98":1,"99":1,"100":1,"101":1,"102":1,"103":1,"104":1,"105":0,"106":1,"107":1,"108":1,"109":1,"110":1,"111":1,"112":1,"113":1,"114":1,"115":1,"116":1,"117":1,"118":1},"f":{"0":1,"1":22,"2":22,"3":1,"4":1,"5":1,"6":1,"7":1,"8":1,"9":1,"10":1,"11":1,"12":0,"13":1,"14":1,"15":1,"16":1},"b":{"0":[0],"1":[1,0],"2":[1,0]},"_coverageSchema":"1a1c01bbd47fc00a2c39e90264f33305004495a9","hash":"34f476c7fff56753331973fa313453d6da9e9f4c"}
}
