TN:
SF:pages/ChangeLocale.js
FN:4,(anonymous_0)
FN:13,(anonymous_1)
FN:43,(anonymous_2)
FN:49,(anonymous_3)
FN:55,(anonymous_4)
FN:61,(anonymous_5)
FN:67,(anonymous_6)
FNF:7
FNH:7
FNDA:1,(anonymous_0)
FNDA:5,(anonymous_1)
FNDA:1,(anonymous_2)
FNDA:1,(anonymous_3)
FNDA:1,(anonymous_4)
FNDA:1,(anonymous_5)
FNDA:1,(anonymous_6)
DA:1,1
DA:5,1
DA:8,1
DA:9,1
DA:14,5
DA:15,5
DA:16,0
DA:17,0
DA:20,5
DA:21,5
DA:22,0
DA:26,5
DA:27,5
DA:28,5
DA:29,0
DA:32,5
DA:33,5
DA:34,5
DA:35,5
DA:37,0
DA:38,0
DA:44,1
DA:45,1
DA:50,1
DA:51,1
DA:56,1
DA:57,1
DA:62,1
DA:63,1
DA:68,1
DA:69,1
DA:73,1
LF:32
LH:26
BRDA:15,0,0,0
BRDA:15,0,1,5
BRDA:21,1,0,0
BRDA:21,1,1,5
BRDA:26,2,0,1
BRDA:26,2,1,4
BRDA:28,3,0,0
BRDA:28,3,1,5
BRF:8
BRH:5
end_of_record
TN:
SF:pages/SettingsButton.js
FN:4,(anonymous_0)
FN:28,(anonymous_1)
FN:37,(anonymous_2)
FN:48,(anonymous_3)
FN:61,(anonymous_4)
FN:65,(anonymous_5)
FN:77,(anonymous_6)
FN:81,(anonymous_7)
FN:85,(anonymous_8)
FN:89,(anonymous_9)
FN:93,(anonymous_10)
FN:97,(anonymous_11)
FN:104,(anonymous_12)
FN:106,(anonymous_13)
FNF:14
FNH:5
FNDA:1,(anonymous_0)
FNDA:2,(anonymous_1)
FNDA:2,(anonymous_2)
FNDA:0,(anonymous_3)
FNDA:1,(anonymous_4)
FNDA:0,(anonymous_5)
FNDA:1,(anonymous_6)
FNDA:0,(anonymous_7)
FNDA:0,(anonymous_8)
FNDA:0,(anonymous_9)
FNDA:0,(anonymous_10)
FNDA:0,(anonymous_11)
FNDA:0,(anonymous_12)
FNDA:0,(anonymous_13)
DA:1,1
DA:5,1
DA:6,1
DA:7,1
DA:10,1
DA:13,1
DA:14,1
DA:15,1
DA:16,1
DA:17,1
DA:18,1
DA:19,1
DA:20,1
DA:21,1
DA:22,1
DA:29,2
DA:30,2
DA:31,2
DA:38,2
DA:39,2
DA:40,2
DA:41,2
DA:42,1
DA:49,0
DA:50,0
DA:51,0
DA:52,0
DA:53,0
DA:62,1
DA:63,1
DA:65,1
DA:66,0
DA:67,0
DA:68,0
DA:70,0
DA:78,1
DA:82,0
DA:86,0
DA:90,0
DA:94,0
DA:98,0
DA:105,0
DA:106,0
DA:107,0
DA:108,0
DA:110,0
DA:111,0
DA:112,0
DA:113,0
DA:115,0
DA:120,1
LF:51
LH:28
BRDA:66,0,0,0
BRDA:66,0,1,0
BRDA:66,1,0,0
BRDA:66,1,1,0
BRDA:66,1,2,0
BRDA:66,1,3,0
BRDA:110,2,0,0
BRDA:110,2,1,0
BRF:8
BRH:0
end_of_record
TN:
SF:pages/UniversalViewerPage.js
FN:4,(anonymous_0)
FN:40,(anonymous_1)
FN:52,(anonymous_2)
FN:64,(anonymous_3)
FN:68,(anonymous_4)
FN:75,(anonymous_5)
FN:82,(anonymous_6)
FN:89,(anonymous_7)
FN:96,(anonymous_8)
FN:101,(anonymous_9)
FN:120,(anonymous_10)
FN:129,(anonymous_11)
FN:140,(anonymous_12)
FN:160,(anonymous_13)
FN:189,(anonymous_14)
FN:206,(anonymous_15)
FN:222,(anonymous_16)
FNF:17
FNH:16
FNDA:1,(anonymous_0)
FNDA:22,(anonymous_1)
FNDA:22,(anonymous_2)
FNDA:1,(anonymous_3)
FNDA:1,(anonymous_4)
FNDA:1,(anonymous_5)
FNDA:1,(anonymous_6)
FNDA:1,(anonymous_7)
FNDA:1,(anonymous_8)
FNDA:1,(anonymous_9)
FNDA:1,(anonymous_10)
FNDA:1,(anonymous_11)
FNDA:0,(anonymous_12)
FNDA:1,(anonymous_13)
FNDA:1,(anonymous_14)
FNDA:1,(anonymous_15)
FNDA:1,(anonymous_16)
DA:1,1
DA:5,1
DA:9,1
DA:12,1
DA:13,1
DA:14,1
DA:15,1
DA:16,1
DA:17,1
DA:18,1
DA:19,1
DA:20,1
DA:21,1
DA:22,1
DA:23,1
DA:24,1
DA:25,1
DA:26,1
DA:27,1
DA:28,1
DA:29,1
DA:30,1
DA:31,1
DA:32,1
DA:33,1
DA:34,1
DA:35,1
DA:36,1
DA:41,22
DA:42,22
DA:43,22
DA:44,22
DA:46,22
DA:53,22
DA:54,22
DA:55,22
DA:56,22
DA:57,22
DA:59,22
DA:65,1
DA:69,1
DA:70,1
DA:71,1
DA:72,1
DA:76,1
DA:77,1
DA:78,1
DA:79,1
DA:83,1
DA:84,2
DA:85,2
DA:90,1
DA:91,1
DA:92,1
DA:93,1
DA:97,1
DA:98,1
DA:102,1
DA:105,1
DA:108,1
DA:109,1
DA:112,1
DA:113,1
DA:116,1
DA:121,1
DA:122,1
DA:123,1
DA:124,1
DA:125,1
DA:126,1
DA:130,1
DA:133,1
DA:134,1
DA:136,1
DA:139,1
DA:140,1
DA:142,1
DA:143,1
DA:146,1
DA:148,1
DA:150,0
DA:154,1
DA:156,1
DA:161,1
DA:164,1
DA:167,1
DA:169,1
DA:172,1
DA:174,1
DA:177,1
DA:180,1
DA:181,1
DA:183,1
DA:190,1
DA:191,1
DA:192,1
DA:193,1
DA:195,1
DA:196,1
DA:197,1
DA:198,1
DA:199,1
DA:200,1
DA:202,0
DA:207,1
DA:208,1
DA:210,1
DA:211,1
DA:214,1
DA:215,1
DA:217,1
DA:218,1
DA:223,1
DA:224,1
DA:225,1
DA:226,1
DA:230,1
LF:117
LH:115
BRDA:82,0,0,0
BRDA:142,1,0,1
BRDA:142,1,1,0
BRDA:192,2,0,1
BRDA:192,2,1,0
BRF:5
BRH:2
end_of_record
